2025-05-23 22:56:54,937 DEBUG: initialising db [in /home/r/13dtp/main/app/__init__.py:22]
2025-05-23 22:56:54,979 DEBUG: configuring session [in /home/r/13dtp/main/app/__init__.py:28]
2025-05-23 22:56:57,107 DEBUG: initialising db [in /home/r/13dtp/main/app/__init__.py:22]
2025-05-23 22:56:57,149 DEBUG: configuring session [in /home/r/13dtp/main/app/__init__.py:28]
2025-05-23 22:57:00,112 DEBUG: initialising [in /home/r/13dtp/main/app/transcription.py:21]
2025-05-23 22:57:00,112 DEBUG: initialising [in /home/r/13dtp/main/app/transcription.py:21]
2025-05-23 22:57:00,354 DEBUG: initialising [in /home/r/13dtp/main/app/transcription.py:21]
2025-05-23 22:57:00,354 DEBUG: initialising [in /home/r/13dtp/main/app/transcription.py:21]
2025-05-23 22:57:00,905 DEBUG: transcribing video [in /home/r/13dtp/main/app/transcription.py:78]
2025-05-23 22:57:00,905 DEBUG: transcribing video [in /home/r/13dtp/main/app/transcription.py:78]
2025-05-23 22:57:01,317 DEBUG: transcribing audio [in /home/r/13dtp/main/app/transcription.py:58]
2025-05-23 22:57:01,317 DEBUG: transcribing audio [in /home/r/13dtp/main/app/transcription.py:58]
2025-05-23 22:58:43,864 DEBUG: initialising db [in /home/r/13dtp/main/app/__init__.py:22]
2025-05-23 22:58:43,906 DEBUG: configuring session [in /home/r/13dtp/main/app/__init__.py:28]
2025-05-23 22:58:46,033 DEBUG: initialising db [in /home/r/13dtp/main/app/__init__.py:22]
2025-05-23 22:58:46,075 DEBUG: configuring session [in /home/r/13dtp/main/app/__init__.py:28]
2025-05-23 22:58:47,625 DEBUG: initialising [in /home/r/13dtp/main/app/transcription.py:21]
2025-05-23 22:58:47,625 DEBUG: initialising [in /home/r/13dtp/main/app/transcription.py:21]
2025-05-23 22:58:47,873 DEBUG: initialising [in /home/r/13dtp/main/app/transcription.py:21]
2025-05-23 22:58:47,873 DEBUG: initialising [in /home/r/13dtp/main/app/transcription.py:21]
2025-05-23 22:58:48,427 DEBUG: getting error_stack [in /home/r/13dtp/main/app/session_globals.py:34]
2025-05-23 22:58:48,427 DEBUG: getting error_stack [in /home/r/13dtp/main/app/session_globals.py:34]
2025-05-23 22:59:55,251 DEBUG: initialising db [in /home/r/13dtp/main/app/__init__.py:22]
2025-05-23 22:59:55,293 DEBUG: configuring session [in /home/r/13dtp/main/app/__init__.py:28]
2025-05-23 22:59:57,412 DEBUG: initialising db [in /home/r/13dtp/main/app/__init__.py:22]
2025-05-23 22:59:57,454 DEBUG: configuring session [in /home/r/13dtp/main/app/__init__.py:28]
2025-05-23 22:59:58,912 DEBUG: initialising whisper model [in /home/r/13dtp/main/app/transcription.py:21]
2025-05-23 22:59:58,912 DEBUG: initialising whisper model [in /home/r/13dtp/main/app/transcription.py:21]
2025-05-23 22:59:59,162 DEBUG: initialising whisper model [in /home/r/13dtp/main/app/transcription.py:21]
2025-05-23 22:59:59,162 DEBUG: initialising whisper model [in /home/r/13dtp/main/app/transcription.py:21]
2025-05-23 22:59:59,713 DEBUG: getting error_stack [in /home/r/13dtp/main/app/session_globals.py:34]
2025-05-23 22:59:59,713 DEBUG: getting error_stack [in /home/r/13dtp/main/app/session_globals.py:34]
2025-05-23 23:01:38,840 INFO: logger configured [in /home/r/13dtp/main/app/logger_config.py:21]
2025-05-23 23:01:38,840 INFO: logger configured [in /home/r/13dtp/main/app/logger_config.py:21]
2025-05-23 23:01:38,840 INFO: logger configured [in /home/r/13dtp/main/app/logger_config.py:21]
2025-05-23 23:01:38,841 INFO: logger configured [in /home/r/13dtp/main/app/logger_config.py:21]
2025-05-23 23:01:38,841 DEBUG: initialising db [in /home/r/13dtp/main/app/__init__.py:22]
2025-05-23 23:01:38,883 DEBUG: configuring session [in /home/r/13dtp/main/app/__init__.py:28]
2025-05-23 23:01:41,022 INFO: logger configured [in /home/r/13dtp/main/app/logger_config.py:21]
2025-05-23 23:01:41,022 INFO: logger configured [in /home/r/13dtp/main/app/logger_config.py:21]
2025-05-23 23:01:41,022 INFO: logger configured [in /home/r/13dtp/main/app/logger_config.py:21]
2025-05-23 23:01:41,023 INFO: logger configured [in /home/r/13dtp/main/app/logger_config.py:21]
2025-05-23 23:01:41,024 DEBUG: initialising db [in /home/r/13dtp/main/app/__init__.py:22]
2025-05-23 23:01:41,066 DEBUG: configuring session [in /home/r/13dtp/main/app/__init__.py:28]
2025-05-23 23:01:42,111 DEBUG: initialising whisper model [in /home/r/13dtp/main/app/transcription.py:21]
2025-05-23 23:01:42,111 DEBUG: initialising whisper model [in /home/r/13dtp/main/app/transcription.py:21]
2025-05-23 23:01:42,352 DEBUG: initialising whisper model [in /home/r/13dtp/main/app/transcription.py:21]
2025-05-23 23:01:42,352 DEBUG: initialising whisper model [in /home/r/13dtp/main/app/transcription.py:21]
2025-05-23 23:01:42,901 DEBUG: getting error_stack [in /home/r/13dtp/main/app/session_globals.py:34]
2025-05-23 23:01:42,901 DEBUG: getting error_stack [in /home/r/13dtp/main/app/session_globals.py:34]
2025-05-23 23:11:15,359 INFO: logger configured [in /home/r/13dtp/main/app/logger_config.py:21]
2025-05-23 23:11:15,359 INFO: logger configured [in /home/r/13dtp/main/app/logger_config.py:21]
2025-05-23 23:11:15,359 INFO: logger configured [in /home/r/13dtp/main/app/logger_config.py:21]
2025-05-23 23:11:15,361 INFO: logger configured [in /home/r/13dtp/main/app/logger_config.py:21]
2025-05-23 23:11:15,361 DEBUG: initialising db [in /home/r/13dtp/main/app/__init__.py:22]
2025-05-23 23:11:15,404 DEBUG: configuring session [in /home/r/13dtp/main/app/__init__.py:28]
2025-05-23 23:11:17,160 DEBUG: initialising whisper model [in /home/r/13dtp/main/app/transcription.py:21]
2025-05-23 23:11:17,160 DEBUG: initialising whisper model [in /home/r/13dtp/main/app/transcription.py:21]
2025-05-23 23:11:17,721 DEBUG: getting error_stack [in /home/r/13dtp/main/app/session_globals.py:40]
2025-05-23 23:11:17,721 DEBUG: getting error_stack [in /home/r/13dtp/main/app/session_globals.py:40]
2025-05-23 23:11:17,722 DEBUG: creating global_dict [in /home/r/13dtp/main/app/session_globals.py:23]
2025-05-23 23:11:17,722 DEBUG: creating global_dict [in /home/r/13dtp/main/app/session_globals.py:23]
2025-05-23 23:13:54,438 INFO: logger configured [in /home/r/13dtp/main/app/logger_config.py:21]
2025-05-23 23:13:54,439 INFO: logger configured [in /home/r/13dtp/main/app/logger_config.py:21]
2025-05-23 23:13:54,439 INFO: logger configured [in /home/r/13dtp/main/app/logger_config.py:21]
2025-05-23 23:13:54,440 INFO: logger configured [in /home/r/13dtp/main/app/logger_config.py:21]
2025-05-23 23:13:54,440 DEBUG: initialising db [in /home/r/13dtp/main/app/__init__.py:22]
2025-05-23 23:13:54,482 DEBUG: configuring session [in /home/r/13dtp/main/app/__init__.py:28]
2025-05-23 23:13:56,549 DEBUG: initialising whisper model [in /home/r/13dtp/main/app/transcription.py:21]
2025-05-23 23:13:56,549 DEBUG: initialising whisper model [in /home/r/13dtp/main/app/transcription.py:21]
2025-05-23 23:13:57,107 DEBUG: getting error_stack [in /home/r/13dtp/main/app/session_globals.py:40]
2025-05-23 23:13:57,107 DEBUG: getting error_stack [in /home/r/13dtp/main/app/session_globals.py:40]
2025-05-23 23:13:57,107 DEBUG: creating global_dict [in /home/r/13dtp/main/app/session_globals.py:23]
2025-05-23 23:13:57,107 DEBUG: creating global_dict [in /home/r/13dtp/main/app/session_globals.py:23]
2025-05-23 23:13:57,107 DEBUG: key error_stack not found [in /home/r/13dtp/main/app/session_globals.py:46]
2025-05-23 23:13:57,107 DEBUG: key error_stack not found [in /home/r/13dtp/main/app/session_globals.py:46]
2025-05-23 23:13:57,107 DEBUG: setting error_stack to <app.error.LogicalStack object at 0x7f06a0eb30d0> [in /home/r/13dtp/main/app/session_globals.py:31]
2025-05-23 23:13:57,107 DEBUG: setting error_stack to <app.error.LogicalStack object at 0x7f06a0eb30d0> [in /home/r/13dtp/main/app/session_globals.py:31]
2025-05-23 23:16:45,497 INFO: logger configured [in /home/r/13dtp/main/app/logger_config.py:21]
2025-05-23 23:16:45,497 INFO: logger configured [in /home/r/13dtp/main/app/logger_config.py:21]
2025-05-23 23:16:45,498 INFO: logger configured [in /home/r/13dtp/main/app/logger_config.py:21]
2025-05-23 23:16:45,499 INFO: logger configured [in /home/r/13dtp/main/app/logger_config.py:21]
2025-05-23 23:16:45,499 DEBUG: initialising db [in /home/r/13dtp/main/app/__init__.py:22]
2025-05-23 23:16:45,540 DEBUG: configuring session [in /home/r/13dtp/main/app/__init__.py:28]
2025-05-23 23:16:47,194 DEBUG: initialising whisper model [in /home/r/13dtp/main/app/transcription.py:21]
2025-05-23 23:16:47,194 DEBUG: initialising whisper model [in /home/r/13dtp/main/app/transcription.py:21]
2025-05-23 23:16:47,749 DEBUG: getting error_stack [in /home/r/13dtp/main/app/session_globals.py:40]
2025-05-23 23:16:47,749 DEBUG: getting error_stack [in /home/r/13dtp/main/app/session_globals.py:40]
2025-05-23 23:16:47,750 DEBUG: creating global_dict [in /home/r/13dtp/main/app/session_globals.py:23]
2025-05-23 23:16:47,750 DEBUG: creating global_dict [in /home/r/13dtp/main/app/session_globals.py:23]
2025-05-23 23:16:47,750 DEBUG: key error_stack not found [in /home/r/13dtp/main/app/session_globals.py:46]
2025-05-23 23:16:47,750 DEBUG: key error_stack not found [in /home/r/13dtp/main/app/session_globals.py:46]
2025-05-23 23:16:47,750 DEBUG: setting error_stack to <app.error.LogicalStack object at 0x7efe9ba0b0d0> [in /home/r/13dtp/main/app/session_globals.py:31]
2025-05-23 23:16:47,750 DEBUG: setting error_stack to <app.error.LogicalStack object at 0x7efe9ba0b0d0> [in /home/r/13dtp/main/app/session_globals.py:31]
2025-05-23 23:16:47,750 DEBUG: getting error_stack [in /home/r/13dtp/main/app/session_globals.py:40]
2025-05-23 23:16:47,750 DEBUG: getting error_stack [in /home/r/13dtp/main/app/session_globals.py:40]
2025-05-23 23:17:35,984 INFO: logger configured [in /home/r/13dtp/main/app/logger_config.py:21]
2025-05-23 23:17:35,984 INFO: logger configured [in /home/r/13dtp/main/app/logger_config.py:21]
2025-05-23 23:17:35,984 INFO: logger configured [in /home/r/13dtp/main/app/logger_config.py:21]
2025-05-23 23:17:35,986 INFO: logger configured [in /home/r/13dtp/main/app/logger_config.py:21]
2025-05-23 23:17:35,986 DEBUG: initialising db [in /home/r/13dtp/main/app/__init__.py:22]
2025-05-23 23:17:36,039 DEBUG: configuring session [in /home/r/13dtp/main/app/__init__.py:28]
2025-05-23 23:17:37,171 DEBUG: initialising whisper model [in /home/r/13dtp/main/app/transcription.py:21]
2025-05-23 23:17:37,171 DEBUG: initialising whisper model [in /home/r/13dtp/main/app/transcription.py:21]
2025-05-23 23:17:37,713 DEBUG: getting error_stack [in /home/r/13dtp/main/app/session_globals.py:40]
2025-05-23 23:17:37,713 DEBUG: getting error_stack [in /home/r/13dtp/main/app/session_globals.py:40]
2025-05-23 23:17:37,713 DEBUG: creating global_dict [in /home/r/13dtp/main/app/session_globals.py:23]
2025-05-23 23:17:37,713 DEBUG: creating global_dict [in /home/r/13dtp/main/app/session_globals.py:23]
2025-05-23 23:17:37,713 DEBUG: key error_stack not found [in /home/r/13dtp/main/app/session_globals.py:46]
2025-05-23 23:17:37,713 DEBUG: key error_stack not found [in /home/r/13dtp/main/app/session_globals.py:46]
2025-05-23 23:17:37,713 DEBUG: setting error_stack to <app.error.LogicalStack object at 0x7fa5467ff0d0> [in /home/r/13dtp/main/app/session_globals.py:31]
2025-05-23 23:17:37,713 DEBUG: setting error_stack to <app.error.LogicalStack object at 0x7fa5467ff0d0> [in /home/r/13dtp/main/app/session_globals.py:31]
2025-05-23 23:17:37,713 DEBUG: getting error_stack [in /home/r/13dtp/main/app/session_globals.py:40]
2025-05-23 23:17:37,713 DEBUG: getting error_stack [in /home/r/13dtp/main/app/session_globals.py:40]
2025-05-23 23:17:37,713 ERROR: Unexpected error while loading Whisper model tiny [in /home/r/13dtp/main/app/error.py:45]
Traceback (most recent call last):
  File "/home/r/13dtp/main/app/transcription.py", line 29, in __init__
    print(1/0)
ZeroDivisionError: division by zero
2025-05-23 23:17:37,713 ERROR: Unexpected error while loading Whisper model tiny [in /home/r/13dtp/main/app/error.py:45]
Traceback (most recent call last):
  File "/home/r/13dtp/main/app/transcription.py", line 29, in __init__
    print(1/0)
ZeroDivisionError: division by zero
2025-05-23 23:17:37,713 DEBUG: transcribing video [in /home/r/13dtp/main/app/transcription.py:79]
2025-05-23 23:17:37,713 DEBUG: transcribing video [in /home/r/13dtp/main/app/transcription.py:79]
2025-05-23 23:17:38,107 DEBUG: transcribing audio [in /home/r/13dtp/main/app/transcription.py:59]
2025-05-23 23:17:38,107 DEBUG: transcribing audio [in /home/r/13dtp/main/app/transcription.py:59]
2025-05-23 23:19:06,582 INFO: logger configured [in /home/r/13dtp/main/app/logger_config.py:21]
2025-05-23 23:19:06,582 INFO: logger configured [in /home/r/13dtp/main/app/logger_config.py:21]
2025-05-23 23:19:06,582 INFO: logger configured [in /home/r/13dtp/main/app/logger_config.py:21]
2025-05-23 23:19:06,583 INFO: logger configured [in /home/r/13dtp/main/app/logger_config.py:21]
2025-05-23 23:19:06,583 DEBUG: initialising db [in /home/r/13dtp/main/app/__init__.py:22]
2025-05-23 23:19:06,625 DEBUG: configuring session [in /home/r/13dtp/main/app/__init__.py:28]
2025-05-23 23:19:08,759 INFO: logger configured [in /home/r/13dtp/main/app/logger_config.py:21]
2025-05-23 23:19:08,760 INFO: logger configured [in /home/r/13dtp/main/app/logger_config.py:21]
2025-05-23 23:19:08,760 INFO: logger configured [in /home/r/13dtp/main/app/logger_config.py:21]
2025-05-23 23:19:08,761 INFO: logger configured [in /home/r/13dtp/main/app/logger_config.py:21]
2025-05-23 23:19:08,761 DEBUG: initialising db [in /home/r/13dtp/main/app/__init__.py:22]
2025-05-23 23:19:08,803 DEBUG: configuring session [in /home/r/13dtp/main/app/__init__.py:28]
2025-05-23 23:19:11,123 DEBUG: initialising whisper model [in /home/r/13dtp/main/app/transcription.py:21]
2025-05-23 23:19:11,123 DEBUG: initialising whisper model [in /home/r/13dtp/main/app/transcription.py:21]
2025-05-23 23:19:11,123 DEBUG: getting error_stack [in /home/r/13dtp/main/app/session_globals.py:40]
2025-05-23 23:19:11,123 DEBUG: getting error_stack [in /home/r/13dtp/main/app/session_globals.py:40]
2025-05-23 23:19:11,124 DEBUG: creating global_dict [in /home/r/13dtp/main/app/session_globals.py:23]
2025-05-23 23:19:11,124 DEBUG: creating global_dict [in /home/r/13dtp/main/app/session_globals.py:23]
2025-05-23 23:19:11,124 DEBUG: key error_stack not found [in /home/r/13dtp/main/app/session_globals.py:46]
2025-05-23 23:19:11,124 DEBUG: key error_stack not found [in /home/r/13dtp/main/app/session_globals.py:46]
2025-05-23 23:19:11,124 DEBUG: setting error_stack to <app.error.LogicalStack object at 0x7f6f82a537f0> [in /home/r/13dtp/main/app/session_globals.py:31]
2025-05-23 23:19:11,124 DEBUG: setting error_stack to <app.error.LogicalStack object at 0x7f6f82a537f0> [in /home/r/13dtp/main/app/session_globals.py:31]
2025-05-23 23:19:11,125 DEBUG: getting error_stack [in /home/r/13dtp/main/app/session_globals.py:40]
2025-05-23 23:19:11,125 DEBUG: getting error_stack [in /home/r/13dtp/main/app/session_globals.py:40]
2025-05-23 23:19:11,125 ERROR: Unexpected error while loading Whisper model tiny [in /home/r/13dtp/main/app/error.py:45]
Traceback (most recent call last):
  File "/home/r/13dtp/main/app/transcription.py", line 28, in __init__
    print(1/0)
ZeroDivisionError: division by zero
2025-05-23 23:19:11,125 ERROR: Unexpected error while loading Whisper model tiny [in /home/r/13dtp/main/app/error.py:45]
Traceback (most recent call last):
  File "/home/r/13dtp/main/app/transcription.py", line 28, in __init__
    print(1/0)
ZeroDivisionError: division by zero
2025-05-23 23:19:11,126 DEBUG: transcribing video [in /home/r/13dtp/main/app/transcription.py:79]
2025-05-23 23:19:11,126 DEBUG: transcribing video [in /home/r/13dtp/main/app/transcription.py:79]
2025-05-23 23:19:11,364 DEBUG: initialising whisper model [in /home/r/13dtp/main/app/transcription.py:21]
2025-05-23 23:19:11,364 DEBUG: initialising whisper model [in /home/r/13dtp/main/app/transcription.py:21]
2025-05-23 23:19:11,364 DEBUG: getting error_stack [in /home/r/13dtp/main/app/session_globals.py:40]
2025-05-23 23:19:11,364 DEBUG: getting error_stack [in /home/r/13dtp/main/app/session_globals.py:40]
2025-05-23 23:19:11,364 DEBUG: creating global_dict [in /home/r/13dtp/main/app/session_globals.py:23]
2025-05-23 23:19:11,364 DEBUG: creating global_dict [in /home/r/13dtp/main/app/session_globals.py:23]
2025-05-23 23:19:11,365 DEBUG: key error_stack not found [in /home/r/13dtp/main/app/session_globals.py:46]
2025-05-23 23:19:11,365 DEBUG: key error_stack not found [in /home/r/13dtp/main/app/session_globals.py:46]
2025-05-23 23:19:11,365 DEBUG: setting error_stack to <app.error.LogicalStack object at 0x7f84da12fa30> [in /home/r/13dtp/main/app/session_globals.py:31]
2025-05-23 23:19:11,365 DEBUG: setting error_stack to <app.error.LogicalStack object at 0x7f84da12fa30> [in /home/r/13dtp/main/app/session_globals.py:31]
2025-05-23 23:19:11,365 DEBUG: getting error_stack [in /home/r/13dtp/main/app/session_globals.py:40]
2025-05-23 23:19:11,365 DEBUG: getting error_stack [in /home/r/13dtp/main/app/session_globals.py:40]
2025-05-23 23:19:11,365 ERROR: Unexpected error while loading Whisper model tiny [in /home/r/13dtp/main/app/error.py:45]
Traceback (most recent call last):
  File "/home/r/13dtp/main/app/transcription.py", line 28, in __init__
    print(1/0)
ZeroDivisionError: division by zero
2025-05-23 23:19:11,365 ERROR: Unexpected error while loading Whisper model tiny [in /home/r/13dtp/main/app/error.py:45]
Traceback (most recent call last):
  File "/home/r/13dtp/main/app/transcription.py", line 28, in __init__
    print(1/0)
ZeroDivisionError: division by zero
2025-05-23 23:19:11,365 DEBUG: transcribing video [in /home/r/13dtp/main/app/transcription.py:79]
2025-05-23 23:19:11,365 DEBUG: transcribing video [in /home/r/13dtp/main/app/transcription.py:79]
2025-05-23 23:19:11,801 DEBUG: transcribing audio [in /home/r/13dtp/main/app/transcription.py:59]
2025-05-23 23:19:11,801 DEBUG: transcribing audio [in /home/r/13dtp/main/app/transcription.py:59]
2025-05-23 23:19:11,801 DEBUG: getting error_stack [in /home/r/13dtp/main/app/session_globals.py:40]
2025-05-23 23:19:11,801 DEBUG: getting error_stack [in /home/r/13dtp/main/app/session_globals.py:40]
2025-05-23 23:19:11,801 DEBUG: getting error_stack [in /home/r/13dtp/main/app/session_globals.py:40]
2025-05-23 23:19:11,801 DEBUG: getting error_stack [in /home/r/13dtp/main/app/session_globals.py:40]
2025-05-23 23:19:11,802 ERROR: Transcription of audio file failed [in /home/r/13dtp/main/app/error.py:45]
Traceback (most recent call last):
  File "/home/r/13dtp/main/app/transcription.py", line 68, in trans_audio
    result = self.model.transcribe(audio_file, fp16=False)
AttributeError: 'Transcription' object has no attribute 'model'
2025-05-23 23:19:11,802 ERROR: Transcription of audio file failed [in /home/r/13dtp/main/app/error.py:45]
Traceback (most recent call last):
  File "/home/r/13dtp/main/app/transcription.py", line 68, in trans_audio
    result = self.model.transcribe(audio_file, fp16=False)
AttributeError: 'Transcription' object has no attribute 'model'
2025-05-23 23:19:11,802 ERROR: failed to transcribe audio [in /home/r/13dtp/main/app/error.py:45]
2025-05-23 23:19:11,802 ERROR: failed to transcribe audio [in /home/r/13dtp/main/app/error.py:45]
2025-05-25 22:25:06,558 INFO: logger configured [in /home/r/13dtp/main/app/logger_config.py:21]
2025-05-25 22:25:06,558 DEBUG: initialising db [in /home/r/13dtp/main/app/__init__.py:22]
2025-05-25 22:25:06,637 DEBUG: configuring session [in /home/r/13dtp/main/app/__init__.py:28]
2025-05-25 22:25:06,638 INFO: logger configured [in /home/r/13dtp/main/app/logger_config.py:21]
2025-05-25 22:25:07,009 INFO: logger configured [in /home/r/13dtp/main/app/logger_config.py:21]
2025-05-25 22:25:07,009 DEBUG: initialising db [in /home/r/13dtp/main/app/__init__.py:22]
2025-05-25 22:25:07,047 DEBUG: configuring session [in /home/r/13dtp/main/app/__init__.py:28]
2025-05-25 22:25:07,047 INFO: logger configured [in /home/r/13dtp/main/app/logger_config.py:21]
2025-05-25 22:25:10,367 INFO: logger configured [in /home/r/13dtp/main/app/logger_config.py:21]
2025-05-25 22:25:10,367 DEBUG: initialising db [in /home/r/13dtp/main/app/__init__.py:22]
2025-05-25 22:25:10,406 DEBUG: configuring session [in /home/r/13dtp/main/app/__init__.py:28]
2025-05-25 22:25:10,406 INFO: logger configured [in /home/r/13dtp/main/app/logger_config.py:21]
2025-05-25 22:25:10,786 INFO: logger configured [in /home/r/13dtp/main/app/logger_config.py:21]
2025-05-25 22:25:10,786 DEBUG: initialising db [in /home/r/13dtp/main/app/__init__.py:22]
2025-05-25 22:25:10,827 DEBUG: configuring session [in /home/r/13dtp/main/app/__init__.py:28]
2025-05-25 22:25:10,827 INFO: logger configured [in /home/r/13dtp/main/app/logger_config.py:21]
2025-05-25 22:26:09,096 INFO: logger configured [in /home/r/13dtp/main/app/logger_config.py:21]
2025-05-25 22:26:09,096 DEBUG: initialising db [in /home/r/13dtp/main/app/__init__.py:22]
2025-05-25 22:26:09,134 DEBUG: configuring session [in /home/r/13dtp/main/app/__init__.py:28]
2025-05-25 22:26:09,135 INFO: logger configured [in /home/r/13dtp/main/app/logger_config.py:21]
2025-05-25 22:26:09,477 INFO: logger configured [in /home/r/13dtp/main/app/logger_config.py:21]
2025-05-25 22:26:09,477 DEBUG: initialising db [in /home/r/13dtp/main/app/__init__.py:22]
2025-05-25 22:26:09,522 DEBUG: configuring session [in /home/r/13dtp/main/app/__init__.py:28]
2025-05-25 22:26:09,522 INFO: logger configured [in /home/r/13dtp/main/app/logger_config.py:21]
2025-05-25 22:26:42,882 INFO: logger configured [in /home/r/13dtp/main/app/logger_config.py:21]
2025-05-25 22:26:42,883 DEBUG: initialising db [in /home/r/13dtp/main/app/__init__.py:22]
2025-05-25 22:26:42,921 DEBUG: configuring session [in /home/r/13dtp/main/app/__init__.py:28]
2025-05-25 22:26:42,921 INFO: logger configured [in /home/r/13dtp/main/app/logger_config.py:21]
2025-05-25 22:26:43,265 INFO: logger configured [in /home/r/13dtp/main/app/logger_config.py:21]
2025-05-25 22:26:43,265 DEBUG: initialising db [in /home/r/13dtp/main/app/__init__.py:22]
2025-05-25 22:26:43,303 DEBUG: configuring session [in /home/r/13dtp/main/app/__init__.py:28]
2025-05-25 22:26:43,303 INFO: logger configured [in /home/r/13dtp/main/app/logger_config.py:21]
2025-05-25 22:27:45,165 INFO: logger configured [in /home/r/13dtp/main/app/logger_config.py:21]
2025-05-25 22:27:45,166 DEBUG: initialising db [in /home/r/13dtp/main/app/__init__.py:22]
2025-05-25 22:27:45,204 DEBUG: configuring session [in /home/r/13dtp/main/app/__init__.py:28]
2025-05-25 22:27:45,204 INFO: logger configured [in /home/r/13dtp/main/app/logger_config.py:21]
2025-05-25 22:27:45,558 INFO: logger configured [in /home/r/13dtp/main/app/logger_config.py:21]
2025-05-25 22:27:45,558 DEBUG: initialising db [in /home/r/13dtp/main/app/__init__.py:22]
2025-05-25 22:27:45,596 DEBUG: configuring session [in /home/r/13dtp/main/app/__init__.py:28]
2025-05-25 22:27:45,597 INFO: logger configured [in /home/r/13dtp/main/app/logger_config.py:21]
2025-05-25 22:32:29,393 INFO: logger configured [in /home/r/13dtp/main/app/logger_config.py:21]
2025-05-25 22:32:29,393 DEBUG: initialising db [in /home/r/13dtp/main/app/__init__.py:22]
2025-05-25 22:32:29,431 DEBUG: configuring session [in /home/r/13dtp/main/app/__init__.py:28]
2025-05-25 22:32:29,431 INFO: logger configured [in /home/r/13dtp/main/app/logger_config.py:21]
2025-05-25 22:32:29,784 INFO: logger configured [in /home/r/13dtp/main/app/logger_config.py:21]
2025-05-25 22:32:29,784 DEBUG: initialising db [in /home/r/13dtp/main/app/__init__.py:22]
2025-05-25 22:32:29,822 DEBUG: configuring session [in /home/r/13dtp/main/app/__init__.py:28]
2025-05-25 22:32:29,822 INFO: logger configured [in /home/r/13dtp/main/app/logger_config.py:21]
2025-05-26 14:32:16,806 INFO: logger configured [in /home/r/13dtp/main/app/logger_config.py:21]
2025-05-26 14:32:16,806 DEBUG: initialising db [in /home/r/13dtp/main/app/__init__.py:22]
2025-05-26 14:33:23,746 INFO: logger configured [in /home/r/13dtp/main/app/logger_config.py:21]
2025-05-26 14:33:23,746 DEBUG: initialising db [in /home/r/13dtp/main/app/__init__.py:22]
2025-05-26 14:33:23,810 DEBUG: configuring session [in /home/r/13dtp/main/app/__init__.py:33]
2025-05-26 14:33:23,810 INFO: logger configured [in /home/r/13dtp/main/app/logger_config.py:21]
2025-05-26 14:33:24,189 INFO: logger configured [in /home/r/13dtp/main/app/logger_config.py:21]
2025-05-26 14:33:24,189 DEBUG: initialising db [in /home/r/13dtp/main/app/__init__.py:22]
2025-05-26 14:33:24,241 DEBUG: configuring session [in /home/r/13dtp/main/app/__init__.py:33]
2025-05-26 14:33:24,241 INFO: logger configured [in /home/r/13dtp/main/app/logger_config.py:21]
2025-05-26 14:34:24,865 INFO: logger configured [in /home/r/13dtp/main/app/logger_config.py:21]
2025-05-26 14:34:24,865 DEBUG: initialising db [in /home/r/13dtp/main/app/__init__.py:22]
2025-05-26 14:34:24,918 DEBUG: configuring session [in /home/r/13dtp/main/app/__init__.py:33]
2025-05-26 14:34:24,918 INFO: logger configured [in /home/r/13dtp/main/app/logger_config.py:21]
2025-05-26 14:35:52,596 INFO: logger configured [in /home/r/13dtp/main/app/logger_config.py:21]
2025-05-26 14:35:52,596 DEBUG: initialising db [in /home/r/13dtp/main/app/__init__.py:22]
2025-05-26 14:35:52,649 DEBUG: configuring session [in /home/r/13dtp/main/app/__init__.py:33]
2025-05-26 14:35:52,650 INFO: logger configured [in /home/r/13dtp/main/app/logger_config.py:21]
2025-05-26 14:39:26,030 INFO: logger configured [in /home/r/13dtp/main/app/logger_config.py:21]
2025-05-26 14:39:26,030 DEBUG: initialising db [in /home/r/13dtp/main/app/__init__.py:22]
2025-05-26 14:39:26,081 DEBUG: configuring session [in /home/r/13dtp/main/app/__init__.py:33]
2025-05-26 14:39:26,081 INFO: logger configured [in /home/r/13dtp/main/app/logger_config.py:21]
2025-05-26 14:39:26,473 INFO: logger configured [in /home/r/13dtp/main/app/logger_config.py:21]
2025-05-26 14:39:26,473 DEBUG: initialising db [in /home/r/13dtp/main/app/__init__.py:22]
2025-05-26 14:39:26,545 DEBUG: configuring session [in /home/r/13dtp/main/app/__init__.py:33]
2025-05-26 14:39:26,545 INFO: logger configured [in /home/r/13dtp/main/app/logger_config.py:21]
2025-05-26 21:00:09,561 INFO: logger configured [in /home/r/13dtp/main/app/logger_config.py:21]
2025-05-26 21:00:09,561 DEBUG: initialising db [in /home/r/13dtp/main/app/__init__.py:22]
2025-05-26 21:00:09,617 DEBUG: configuring session [in /home/r/13dtp/main/app/__init__.py:33]
2025-05-26 21:00:09,617 INFO: logger configured [in /home/r/13dtp/main/app/logger_config.py:21]
